<?xml version="1.0" encoding="UTF-8"?>
<testsuite name="All" failures="0" tests="64" time="12.575" errors="0">
  <properties/>
  <testcase name="testTokenize" time="0.017" classname="jerklib.EventTokenTest"/>
  <testcase name="testNickCaseInsensitivity" time="0.011" classname="jerklib.NickCacheTest"/>
  <testcase name="testContainsNick" time="0.011" classname="jerklib.NickCacheTest"/>
  <testcase name="TestNickCountAfterPartJoinsEtc" time="0.012" classname="jerklib.NickCacheTest"/>
  <testcase name="TestNickCountFromNickListEvent" time="0.011" classname="jerklib.NickCacheTest"/>
  <testcase name="testUnrealUserIsAway" time="0.013" classname="jerklib.events.AwayEventTest"/>
  <testcase name="testBahamutUserWentAway" time="0.017" classname="jerklib.events.AwayEventTest"/>
  <testcase name="testHyperionUserIsAway" time="0.015" classname="jerklib.events.AwayEventTest"/>
  <testcase name="testQuakeNetUserWentAway" time="0.016" classname="jerklib.events.AwayEventTest"/>
  <testcase name="testBahamutRemoteUserIsAway" time="0.015" classname="jerklib.events.AwayEventTest"/>
  <testcase name="testHyperionUserReturnedFromAway" time="0.022" classname="jerklib.events.AwayEventTest"/>
  <testcase name="testBahamutUserReturnedFromAway" time="0.019" classname="jerklib.events.AwayEventTest"/>
  <testcase name="testUnrealUserReturnedFromAway" time="0.02" classname="jerklib.events.AwayEventTest"/>
  <testcase name="testQuakeNetUserIsAway" time="0.019" classname="jerklib.events.AwayEventTest"/>
  <testcase name="testQuakeNetUserReturnedFromAway" time="0.019" classname="jerklib.events.AwayEventTest"/>
  <testcase name="testUnrealUserWentAway" time="0.021" classname="jerklib.events.AwayEventTest"/>
  <testcase name="testHyperionUserWentAway" time="0.019" classname="jerklib.events.AwayEventTest"/>
  <testcase name="testHyperionJoinComplete" time="0.027" classname="jerklib.events.JoinCompleteEventTest"/>
  <testcase name="testUnrealJoinComplete" time="0.018" classname="jerklib.events.JoinCompleteEventTest"/>
  <testcase name="testBahamutJoinComplete" time="0.02" classname="jerklib.events.JoinCompleteEventTest"/>
  <testcase name="testSnircdJoinComplete" time="0.021" classname="jerklib.events.JoinCompleteEventTest"/>
  <testcase name="testNumEventsDispatched" time="0.019" classname="jerklib.events.JoinCompleteEventTest"/>
  <testcase name="testSnircdJoinComplete" time="0.022" classname="jerklib.events.JoinEventTest"/>
  <testcase name="testNumEventsDispatched" time="0.028" classname="jerklib.events.JoinEventTest"/>
  <testcase name="testUnrealJoinComplete" time="0.021" classname="jerklib.events.JoinEventTest"/>
  <testcase name="testHyperionJoinComplete" time="0.02" classname="jerklib.events.JoinEventTest"/>
  <testcase name="testBahamutJoin" time="0.022" classname="jerklib.events.JoinEventTest"/>
  <testcase name="testHyperionPrivateMessage" time="0.02" classname="jerklib.events.MessageEventTest"/>
  <testcase name="testNumEventsDispatched" time="0.02" classname="jerklib.events.MessageEventTest"/>
  <testcase name="testUnrealPrivateMessage" time="0.023" classname="jerklib.events.MessageEventTest"/>
  <testcase name="testSnircdChannelMessage" time="0.028" classname="jerklib.events.MessageEventTest"/>
  <testcase name="testUnrealChannelMessage" time="0.019" classname="jerklib.events.MessageEventTest"/>
  <testcase name="testHyperionChannelMessage" time="0.02" classname="jerklib.events.MessageEventTest"/>
  <testcase name="testBahamutChannelMessage" time="0.022" classname="jerklib.events.MessageEventTest"/>
  <testcase name="testBahamutPrivateMessage" time="0.019" classname="jerklib.events.MessageEventTest"/>
  <testcase name="testSnircdPrivateMessage" time="0.022" classname="jerklib.events.MessageEventTest"/>
  <testcase name="testNumEventsDispatched" time="0.018" classname="jerklib.events.NoticeEventTest"/>
  <testcase name="testSnircdChannelNotice" time="0.021" classname="jerklib.events.NoticeEventTest"/>
  <testcase name="testBahamutChannelNotice" time="0.019" classname="jerklib.events.NoticeEventTest"/>
  <testcase name="testSnircdUserNotice" time="0.029" classname="jerklib.events.NoticeEventTest"/>
  <testcase name="testBahmutGenericNotices" time="0.019" classname="jerklib.events.NoticeEventTest"/>
  <testcase name="testBahamutServerNotice" time="0.019" classname="jerklib.events.NoticeEventTest"/>
  <testcase name="testSnircdServerNotice" time="0.02" classname="jerklib.events.NoticeEventTest"/>
  <testcase name="testHyperionServerNotice" time="0.02" classname="jerklib.events.NoticeEventTest"/>
  <testcase name="testHyperionUserNotice" time="0.021" classname="jerklib.events.NoticeEventTest"/>
  <testcase name="testBahamutUserNotice" time="0.019" classname="jerklib.events.NoticeEventTest"/>
  <testcase name="testUnrealChannelNotice" time="0.019" classname="jerklib.events.NoticeEventTest"/>
  <testcase name="testHyperionChannelNotice" time="0.019" classname="jerklib.events.NoticeEventTest"/>
  <testcase name="testUnrealGenericNotices" time="0.028" classname="jerklib.events.NoticeEventTest"/>
  <testcase name="testHyperionGenericNotices" time="0.02" classname="jerklib.events.NoticeEventTest"/>
  <testcase name="testUnrealUserNotice" time="0.019" classname="jerklib.events.NoticeEventTest"/>
  <testcase name="testSnircdGenericNotices" time="0.018" classname="jerklib.events.NoticeEventTest"/>
  <testcase name="testUltimateChannelNotice" time="0.019" classname="jerklib.events.NoticeEventTest"/>
  <testcase name="testUnrealServerNotice" time="0.019" classname="jerklib.events.NoticeEventTest"/>
  <testcase name="testSnircdPart" time="0.019" classname="jerklib.events.PartEventTest"/>
  <testcase name="testUnrealPart" time="0.022" classname="jerklib.events.PartEventTest"/>
  <testcase name="testHyperionPart" time="0.019" classname="jerklib.events.PartEventTest"/>
  <testcase name="testBahamutPart" time="0.027" classname="jerklib.events.PartEventTest"/>
  <testcase name="testNumEventsDispatched" time="0.019" classname="jerklib.events.PartEventTest"/>
  <testcase name="testSnircdQuit" time="0.02" classname="jerklib.events.QuitEventTest"/>
  <testcase name="testHyperionQuit" time="0.019" classname="jerklib.events.QuitEventTest"/>
  <testcase name="testUnrealQuit" time="0.018" classname="jerklib.events.QuitEventTest"/>
  <testcase name="testNumEventsDispatched" time="0.021" classname="jerklib.events.QuitEventTest"/>
  <testcase name="testBahamutQuit" time="0.019" classname="jerklib.events.QuitEventTest"/>
</testsuite>
