<testng-results>
  <reporter-output>
  </reporter-output>
  <suite name="Suite1">
    <groups>
    </groups>
    <test name="All">
      <class name="jerklib.NickCacheTest">
        <test-method status="PASS" signature="TestNickCountFromNickListEvent()" name="TestNickCountFromNickListEvent" duration-ms="11" started-at="2008-05-12T01:33:59Z" finished-at="2008-05-12T01:33:59Z">
        </test-method>
        <test-method status="PASS" signature="testContainsNick()" name="testContainsNick" duration-ms="11" started-at="2008-05-12T01:33:59Z" finished-at="2008-05-12T01:33:59Z">
        </test-method>
        <test-method status="PASS" signature="testNickCaseInsensitivity()" name="testNickCaseInsensitivity" duration-ms="11" started-at="2008-05-12T01:33:59Z" finished-at="2008-05-12T01:33:59Z">
        </test-method>
        <test-method status="PASS" signature="TestNickCountAfterPartJoinsEtc()" name="TestNickCountAfterPartJoinsEtc" duration-ms="12" started-at="2008-05-12T01:33:59Z" finished-at="2008-05-12T01:33:59Z">
        </test-method>
      </class>
      <class name="jerklib.events.AwayEventTest">
        <test-method status="PASS" signature="testUnrealUserReturnedFromAway()" name="testUnrealUserReturnedFromAway" duration-ms="20" started-at="2008-05-12T01:33:59Z" finished-at="2008-05-12T01:33:59Z">
        </test-method>
        <test-method status="PASS" signature="testHyperionUserIsAway()" name="testHyperionUserIsAway" duration-ms="15" started-at="2008-05-12T01:33:59Z" finished-at="2008-05-12T01:33:59Z">
        </test-method>
        <test-method status="PASS" signature="testQuakeNetUserWentAway()" name="testQuakeNetUserWentAway" duration-ms="16" started-at="2008-05-12T01:33:59Z" finished-at="2008-05-12T01:33:59Z">
        </test-method>
        <test-method status="PASS" signature="testUnrealUserWentAway()" name="testUnrealUserWentAway" duration-ms="21" started-at="2008-05-12T01:34:00Z" finished-at="2008-05-12T01:34:00Z">
        </test-method>
        <test-method status="PASS" signature="testUnrealUserIsAway()" name="testUnrealUserIsAway" duration-ms="13" started-at="2008-05-12T01:33:59Z" finished-at="2008-05-12T01:33:59Z">
        </test-method>
        <test-method status="PASS" signature="testQuakeNetUserIsAway()" name="testQuakeNetUserIsAway" duration-ms="19" started-at="2008-05-12T01:34:00Z" finished-at="2008-05-12T01:34:00Z">
        </test-method>
        <test-method status="PASS" signature="testBahamutRemoteUserIsAway()" name="testBahamutRemoteUserIsAway" duration-ms="15" started-at="2008-05-12T01:33:59Z" finished-at="2008-05-12T01:33:59Z">
        </test-method>
        <test-method status="PASS" signature="testQuakeNetUserReturnedFromAway()" name="testQuakeNetUserReturnedFromAway" duration-ms="19" started-at="2008-05-12T01:34:00Z" finished-at="2008-05-12T01:34:00Z">
        </test-method>
        <test-method status="PASS" signature="testHyperionUserReturnedFromAway()" name="testHyperionUserReturnedFromAway" duration-ms="22" started-at="2008-05-12T01:33:59Z" finished-at="2008-05-12T01:33:59Z">
        </test-method>
        <test-method status="PASS" signature="testBahamutUserReturnedFromAway()" name="testBahamutUserReturnedFromAway" duration-ms="19" started-at="2008-05-12T01:33:59Z" finished-at="2008-05-12T01:33:59Z">
        </test-method>
        <test-method status="PASS" signature="testHyperionUserWentAway()" name="testHyperionUserWentAway" duration-ms="19" started-at="2008-05-12T01:34:00Z" finished-at="2008-05-12T01:34:00Z">
        </test-method>
        <test-method status="PASS" signature="testBahamutUserWentAway()" name="testBahamutUserWentAway" duration-ms="17" started-at="2008-05-12T01:33:59Z" finished-at="2008-05-12T01:33:59Z">
        </test-method>
      </class>
      <class name="jerklib.events.JoinCompleteEventTest">
        <test-method status="PASS" signature="testUnrealJoinComplete()" name="testUnrealJoinComplete" duration-ms="18" started-at="2008-05-12T01:34:00Z" finished-at="2008-05-12T01:34:00Z">
        </test-method>
        <test-method status="PASS" signature="testSnircdJoinComplete()" name="testSnircdJoinComplete" duration-ms="21" started-at="2008-05-12T01:34:00Z" finished-at="2008-05-12T01:34:00Z">
        </test-method>
        <test-method status="PASS" signature="testBahamutJoinComplete()" name="testBahamutJoinComplete" duration-ms="20" started-at="2008-05-12T01:34:00Z" finished-at="2008-05-12T01:34:00Z">
        </test-method>
        <test-method status="PASS" signature="testNumEventsDispatched()" name="testNumEventsDispatched" duration-ms="19" started-at="2008-05-12T01:34:00Z" finished-at="2008-05-12T01:34:00Z">
        </test-method>
        <test-method status="PASS" signature="testHyperionJoinComplete()" name="testHyperionJoinComplete" duration-ms="27" started-at="2008-05-12T01:34:00Z" finished-at="2008-05-12T01:34:00Z">
        </test-method>
      </class>
      <class name="jerklib.events.NoticeEventTest">
        <test-method status="PASS" signature="testBahamutServerNotice()" name="testBahamutServerNotice" duration-ms="19" started-at="2008-05-12T01:34:01Z" finished-at="2008-05-12T01:34:01Z">
        </test-method>
        <test-method status="PASS" signature="testSnircdServerNotice()" name="testSnircdServerNotice" duration-ms="20" started-at="2008-05-12T01:34:01Z" finished-at="2008-05-12T01:34:01Z">
        </test-method>
        <test-method status="PASS" signature="testHyperionChannelNotice()" name="testHyperionChannelNotice" duration-ms="19" started-at="2008-05-12T01:34:01Z" finished-at="2008-05-12T01:34:01Z">
        </test-method>
        <test-method status="PASS" signature="testHyperionServerNotice()" name="testHyperionServerNotice" duration-ms="20" started-at="2008-05-12T01:34:01Z" finished-at="2008-05-12T01:34:01Z">
        </test-method>
        <test-method status="PASS" signature="testHyperionGenericNotices()" name="testHyperionGenericNotices" duration-ms="20" started-at="2008-05-12T01:34:01Z" finished-at="2008-05-12T01:34:01Z">
        </test-method>
        <test-method status="PASS" signature="testNumEventsDispatched()" name="testNumEventsDispatched" duration-ms="18" started-at="2008-05-12T01:34:01Z" finished-at="2008-05-12T01:34:01Z">
        </test-method>
        <test-method status="PASS" signature="testUltimateChannelNotice()" name="testUltimateChannelNotice" duration-ms="19" started-at="2008-05-12T01:34:01Z" finished-at="2008-05-12T01:34:01Z">
        </test-method>
        <test-method status="PASS" signature="testHyperionUserNotice()" name="testHyperionUserNotice" duration-ms="21" started-at="2008-05-12T01:34:01Z" finished-at="2008-05-12T01:34:01Z">
        </test-method>
        <test-method status="PASS" signature="testBahmutGenericNotices()" name="testBahmutGenericNotices" duration-ms="19" started-at="2008-05-12T01:34:01Z" finished-at="2008-05-12T01:34:01Z">
        </test-method>
        <test-method status="PASS" signature="testBahamutUserNotice()" name="testBahamutUserNotice" duration-ms="19" started-at="2008-05-12T01:34:01Z" finished-at="2008-05-12T01:34:01Z">
        </test-method>
        <test-method status="PASS" signature="testBahamutChannelNotice()" name="testBahamutChannelNotice" duration-ms="19" started-at="2008-05-12T01:34:01Z" finished-at="2008-05-12T01:34:01Z">
        </test-method>
        <test-method status="PASS" signature="testUnrealChannelNotice()" name="testUnrealChannelNotice" duration-ms="19" started-at="2008-05-12T01:34:01Z" finished-at="2008-05-12T01:34:01Z">
        </test-method>
        <test-method status="PASS" signature="testSnircdGenericNotices()" name="testSnircdGenericNotices" duration-ms="18" started-at="2008-05-12T01:34:01Z" finished-at="2008-05-12T01:34:01Z">
        </test-method>
        <test-method status="PASS" signature="testUnrealGenericNotices()" name="testUnrealGenericNotices" duration-ms="28" started-at="2008-05-12T01:34:01Z" finished-at="2008-05-12T01:34:01Z">
        </test-method>
        <test-method status="PASS" signature="testUnrealServerNotice()" name="testUnrealServerNotice" duration-ms="19" started-at="2008-05-12T01:34:01Z" finished-at="2008-05-12T01:34:01Z">
        </test-method>
        <test-method status="PASS" signature="testSnircdChannelNotice()" name="testSnircdChannelNotice" duration-ms="21" started-at="2008-05-12T01:34:01Z" finished-at="2008-05-12T01:34:01Z">
        </test-method>
        <test-method status="PASS" signature="testUnrealUserNotice()" name="testUnrealUserNotice" duration-ms="19" started-at="2008-05-12T01:34:01Z" finished-at="2008-05-12T01:34:01Z">
        </test-method>
        <test-method status="PASS" signature="testSnircdUserNotice()" name="testSnircdUserNotice" duration-ms="29" started-at="2008-05-12T01:34:01Z" finished-at="2008-05-12T01:34:01Z">
        </test-method>
      </class>
      <class name="jerklib.events.MessageEventTest">
        <test-method status="PASS" signature="testSnircdChannelMessage()" name="testSnircdChannelMessage" duration-ms="28" started-at="2008-05-12T01:34:00Z" finished-at="2008-05-12T01:34:00Z">
        </test-method>
        <test-method status="PASS" signature="testUnrealChannelMessage()" name="testUnrealChannelMessage" duration-ms="19" started-at="2008-05-12T01:34:00Z" finished-at="2008-05-12T01:34:00Z">
        </test-method>
        <test-method status="PASS" signature="testHyperionPrivateMessage()" name="testHyperionPrivateMessage" duration-ms="20" started-at="2008-05-12T01:34:00Z" finished-at="2008-05-12T01:34:00Z">
        </test-method>
        <test-method status="PASS" signature="testHyperionChannelMessage()" name="testHyperionChannelMessage" duration-ms="20" started-at="2008-05-12T01:34:00Z" finished-at="2008-05-12T01:34:00Z">
        </test-method>
        <test-method status="PASS" signature="testBahamutPrivateMessage()" name="testBahamutPrivateMessage" duration-ms="19" started-at="2008-05-12T01:34:01Z" finished-at="2008-05-12T01:34:01Z">
        </test-method>
        <test-method status="PASS" signature="testBahamutChannelMessage()" name="testBahamutChannelMessage" duration-ms="22" started-at="2008-05-12T01:34:00Z" finished-at="2008-05-12T01:34:01Z">
        </test-method>
        <test-method status="PASS" signature="testSnircdPrivateMessage()" name="testSnircdPrivateMessage" duration-ms="22" started-at="2008-05-12T01:34:01Z" finished-at="2008-05-12T01:34:01Z">
        </test-method>
        <test-method status="PASS" signature="testUnrealPrivateMessage()" name="testUnrealPrivateMessage" duration-ms="23" started-at="2008-05-12T01:34:00Z" finished-at="2008-05-12T01:34:00Z">
        </test-method>
        <test-method status="PASS" signature="testNumEventsDispatched()" name="testNumEventsDispatched" duration-ms="20" started-at="2008-05-12T01:34:00Z" finished-at="2008-05-12T01:34:00Z">
        </test-method>
      </class>
      <class name="jerklib.EventTokenTest">
        <test-method status="PASS" signature="testTokenize()" name="testTokenize" duration-ms="17" started-at="2008-05-12T01:33:59Z" finished-at="2008-05-12T01:33:59Z">
        </test-method>
      </class>
      <class name="jerklib.events.JoinEventTest">
        <test-method status="PASS" signature="testSnircdJoinComplete()" name="testSnircdJoinComplete" duration-ms="22" started-at="2008-05-12T01:34:00Z" finished-at="2008-05-12T01:34:00Z">
        </test-method>
        <test-method status="PASS" signature="testUnrealJoinComplete()" name="testUnrealJoinComplete" duration-ms="21" started-at="2008-05-12T01:34:00Z" finished-at="2008-05-12T01:34:00Z">
        </test-method>
        <test-method status="PASS" signature="testHyperionJoinComplete()" name="testHyperionJoinComplete" duration-ms="20" started-at="2008-05-12T01:34:00Z" finished-at="2008-05-12T01:34:00Z">
        </test-method>
        <test-method status="PASS" signature="testNumEventsDispatched()" name="testNumEventsDispatched" duration-ms="28" started-at="2008-05-12T01:34:00Z" finished-at="2008-05-12T01:34:00Z">
        </test-method>
        <test-method status="PASS" signature="testBahamutJoin()" name="testBahamutJoin" duration-ms="22" started-at="2008-05-12T01:34:00Z" finished-at="2008-05-12T01:34:00Z">
        </test-method>
      </class>
      <class name="jerklib.events.PartEventTest">
        <test-method status="PASS" signature="init()" name="init" is-config="true" duration-ms="4904" started-at="2008-05-12T01:33:54Z" finished-at="2008-05-12T01:33:59Z">
        </test-method>
        <test-method status="PASS" signature="init()" name="init" is-config="true" duration-ms="705" started-at="2008-05-12T01:33:51Z" finished-at="2008-05-12T01:33:51Z">
        </test-method>
        <test-method status="PASS" signature="testUnrealPart()" name="testUnrealPart" duration-ms="22" started-at="2008-05-12T01:34:02Z" finished-at="2008-05-12T01:34:02Z">
        </test-method>
        <test-method status="PASS" signature="init()" name="init" is-config="true" duration-ms="1087" started-at="2008-05-12T01:33:49Z" finished-at="2008-05-12T01:33:51Z">
        </test-method>
        <test-method status="PASS" signature="testHyperionPart()" name="testHyperionPart" duration-ms="19" started-at="2008-05-12T01:34:02Z" finished-at="2008-05-12T01:34:02Z">
        </test-method>
        <test-method status="PASS" signature="init()" name="init" is-config="true" duration-ms="31" started-at="2008-05-12T01:33:54Z" finished-at="2008-05-12T01:33:54Z">
        </test-method>
        <test-method status="PASS" signature="init()" name="init" is-config="true" duration-ms="685" started-at="2008-05-12T01:33:53Z" finished-at="2008-05-12T01:33:54Z">
        </test-method>
        <test-method status="PASS" signature="testBahamutPart()" name="testBahamutPart" duration-ms="27" started-at="2008-05-12T01:34:02Z" finished-at="2008-05-12T01:34:02Z">
        </test-method>
        <test-method status="PASS" signature="init()" name="init" is-config="true" duration-ms="12" started-at="2008-05-12T01:33:54Z" finished-at="2008-05-12T01:33:54Z">
        </test-method>
        <test-method status="PASS" signature="init()" name="init" is-config="true" duration-ms="2077" started-at="2008-05-12T01:33:51Z" finished-at="2008-05-12T01:33:53Z">
        </test-method>
        <test-method status="PASS" signature="init()" name="init" is-config="true" duration-ms="46" started-at="2008-05-12T01:33:54Z" finished-at="2008-05-12T01:33:54Z">
        </test-method>
        <test-method status="PASS" signature="testNumEventsDispatched()" name="testNumEventsDispatched" duration-ms="19" started-at="2008-05-12T01:34:02Z" finished-at="2008-05-12T01:34:02Z">
        </test-method>
        <test-method status="PASS" signature="testSnircdPart()" name="testSnircdPart" duration-ms="19" started-at="2008-05-12T01:34:02Z" finished-at="2008-05-12T01:34:02Z">
        </test-method>
      </class>
      <class name="jerklib.events.QuitEventTest">
        <test-method status="PASS" signature="testBahamutQuit()" name="testBahamutQuit" duration-ms="19" started-at="2008-05-12T01:34:02Z" finished-at="2008-05-12T01:34:02Z">
        </test-method>
        <test-method status="PASS" signature="testHyperionQuit()" name="testHyperionQuit" duration-ms="19" started-at="2008-05-12T01:34:02Z" finished-at="2008-05-12T01:34:02Z">
        </test-method>
        <test-method status="PASS" signature="testNumEventsDispatched()" name="testNumEventsDispatched" duration-ms="21" started-at="2008-05-12T01:34:02Z" finished-at="2008-05-12T01:34:02Z">
        </test-method>
        <test-method status="PASS" signature="testSnircdQuit()" name="testSnircdQuit" duration-ms="20" started-at="2008-05-12T01:34:02Z" finished-at="2008-05-12T01:34:02Z">
        </test-method>
        <test-method status="PASS" signature="testUnrealQuit()" name="testUnrealQuit" duration-ms="18" started-at="2008-05-12T01:34:02Z" finished-at="2008-05-12T01:34:02Z">
        </test-method>
      </class>
    </test>
  </suite>
</testng-results>
